000 (9029947.000.000) 2021-06-24 02:23:34 Job submitted from host: <128.104.101.92:9618?addrs=128.104.101.92-9618+[2607-f388-107c-501-a236-9fff-fe3c-caa8]-9618&alias=submit2.chtc.wisc.edu&noUDP&sock=schedd_2619476_3c5d>
...
040 (9029947.000.000) 2021-06-24 02:23:38 Started transferring input files
	Transferring to host: <128.105.244.149:9618?addrs=128.105.244.149-9618&alias=gpulab2003.chtc.wisc.edu&noUDP&sock=slot1_4_136722_c471_99056>
...
040 (9029947.000.000) 2021-06-24 02:23:38 Finished transferring input files
...
001 (9029947.000.000) 2021-06-24 02:23:39 Job executing on host: <128.105.244.149:9618?addrs=128.105.244.149-9618&alias=gpulab2003.chtc.wisc.edu&noUDP&sock=startd_3566_8ed0>
...
006 (9029947.000.000) 2021-06-24 02:23:47 Image size of job updated: 85904
	78  -  MemoryUsage of job (MB)
	79796  -  ResidentSetSize of job (KB)
...
006 (9029947.000.000) 2021-06-24 02:26:43 Image size of job updated: 7871788
	79  -  MemoryUsage of job (MB)
	79940  -  ResidentSetSize of job (KB)
...
040 (9029947.000.000) 2021-06-24 02:26:44 Started transferring output files
...
040 (9029947.000.000) 2021-06-24 02:26:44 Finished transferring output files
...
005 (9029947.000.000) 2021-06-24 02:26:44 Job terminated.
	(1) Normal termination (return value 1)
		Usr 0 00:02:37, Sys 0 00:00:23  -  Run Remote Usage
		Usr 0 00:00:00, Sys 0 00:00:00  -  Run Local Usage
		Usr 0 00:02:37, Sys 0 00:00:23  -  Total Remote Usage
		Usr 0 00:00:00, Sys 0 00:00:00  -  Total Local Usage
	30864  -  Run Bytes Sent By Job
	18622  -  Run Bytes Received By Job
	30864  -  Total Bytes Sent By Job
	18622  -  Total Bytes Received By Job
	Partitionable Resources :       Usage  Request Allocated Assigned
	   Cpus                 :        0.96        1         1 
	   Disk (KB)            : 15732270     5242880  10573832 
	   Gpus (Average)       :                    1         1 "GPU-66a55ce8"
	   IoHeavy              :                              0 
	   Memory (MB)          :       79        4096      4096 

	Job terminated of its own accord at 2021-06-24T07:26:43Z.
...
