000 (9029948.000.000) 2021-06-24 02:43:33 Job submitted from host: <128.104.101.92:9618?addrs=128.104.101.92-9618+[2607-f388-107c-501-a236-9fff-fe3c-caa8]-9618&alias=submit2.chtc.wisc.edu&noUDP&sock=schedd_2619476_3c5d>
...
040 (9029948.000.000) 2021-06-24 02:43:38 Started transferring input files
	Transferring to host: <128.105.244.149:9618?addrs=128.105.244.149-9618&alias=gpulab2003.chtc.wisc.edu&noUDP&sock=slot1_4_136722_c471_99090>
...
040 (9029948.000.000) 2021-06-24 02:43:38 Finished transferring input files
...
001 (9029948.000.000) 2021-06-24 02:43:39 Job executing on host: <128.105.244.149:9618?addrs=128.105.244.149-9618&alias=gpulab2003.chtc.wisc.edu&noUDP&sock=startd_3566_8ed0>
...
006 (9029948.000.000) 2021-06-24 02:43:47 Image size of job updated: 4723176
	51  -  MemoryUsage of job (MB)
	52188  -  ResidentSetSize of job (KB)
...
006 (9029948.000.000) 2021-06-24 02:47:02 Image size of job updated: 8245924
	53  -  MemoryUsage of job (MB)
	53976  -  ResidentSetSize of job (KB)
...
040 (9029948.000.000) 2021-06-24 02:47:02 Started transferring output files
...
040 (9029948.000.000) 2021-06-24 02:47:02 Finished transferring output files
...
005 (9029948.000.000) 2021-06-24 02:47:03 Job terminated.
	(1) Normal termination (return value 1)
		Usr 0 00:02:35, Sys 0 00:00:24  -  Run Remote Usage
		Usr 0 00:00:00, Sys 0 00:00:00  -  Run Local Usage
		Usr 0 00:02:35, Sys 0 00:00:24  -  Total Remote Usage
		Usr 0 00:00:00, Sys 0 00:00:00  -  Total Local Usage
	43889  -  Run Bytes Sent By Job
	18747  -  Run Bytes Received By Job
	43889  -  Total Bytes Sent By Job
	18747  -  Total Bytes Received By Job
	Partitionable Resources :       Usage  Request Allocated Assigned
	   Cpus                 :        1.00        1         1 
	   Disk (KB)            : 15732283     5242880  10573832 
	   Gpus (Average)       :                    1         1 "GPU-66a55ce8"
	   IoHeavy              :                              0 
	   Memory (MB)          :       53        4096      4096 

	Job terminated of its own accord at 2021-06-24T07:47:02Z.
...
