000 (9030251.000.000) 2021-06-24 03:45:21 Job submitted from host: <128.104.101.92:9618?addrs=128.104.101.92-9618+[2607-f388-107c-501-a236-9fff-fe3c-caa8]-9618&alias=submit2.chtc.wisc.edu&noUDP&sock=schedd_2619476_3c5d>
...
040 (9030251.000.000) 2021-06-24 03:45:31 Started transferring input files
	Transferring to host: <128.105.244.149:9618?addrs=128.105.244.149-9618&alias=gpulab2003.chtc.wisc.edu&noUDP&sock=slot1_4_136722_c471_99194>
...
040 (9030251.000.000) 2021-06-24 03:45:31 Finished transferring input files
...
001 (9030251.000.000) 2021-06-24 03:45:32 Job executing on host: <128.105.244.149:9618?addrs=128.105.244.149-9618&alias=gpulab2003.chtc.wisc.edu&noUDP&sock=startd_3566_8ed0>
...
006 (9030251.000.000) 2021-06-24 03:45:40 Image size of job updated: 245996
	68  -  MemoryUsage of job (MB)
	69044  -  ResidentSetSize of job (KB)
...
006 (9030251.000.000) 2021-06-24 03:48:49 Image size of job updated: 8567080
	68  -  MemoryUsage of job (MB)
	69464  -  ResidentSetSize of job (KB)
...
040 (9030251.000.000) 2021-06-24 03:48:50 Started transferring output files
...
040 (9030251.000.000) 2021-06-24 03:48:50 Finished transferring output files
...
005 (9030251.000.000) 2021-06-24 03:48:50 Job terminated.
	(1) Normal termination (return value 1)
		Usr 0 00:02:37, Sys 0 00:00:24  -  Run Remote Usage
		Usr 0 00:00:00, Sys 0 00:00:00  -  Run Local Usage
		Usr 0 00:02:37, Sys 0 00:00:24  -  Total Remote Usage
		Usr 0 00:00:00, Sys 0 00:00:00  -  Total Local Usage
	38382  -  Run Bytes Sent By Job
	18546  -  Run Bytes Received By Job
	38382  -  Total Bytes Sent By Job
	18546  -  Total Bytes Received By Job
	Partitionable Resources :       Usage  Request Allocated Assigned
	   Cpus                 :        0.98        1         1 
	   Disk (KB)            : 15732277     5242880  10573832 
	   Gpus (Average)       :                    1         1 "GPU-66a55ce8"
	   IoHeavy              :                              0 
	   Memory (MB)          :       68        4096      4096 

	Job terminated of its own accord at 2021-06-24T08:48:49Z.
...
