000 (9030252.000.000) 2021-06-24 03:54:47 Job submitted from host: <128.104.101.92:9618?addrs=128.104.101.92-9618+[2607-f388-107c-501-a236-9fff-fe3c-caa8]-9618&alias=submit2.chtc.wisc.edu&noUDP&sock=schedd_2619476_3c5d>
...
040 (9030252.000.000) 2021-06-24 03:54:54 Started transferring input files
	Transferring to host: <128.105.244.149:9618?addrs=128.105.244.149-9618&alias=gpulab2003.chtc.wisc.edu&noUDP&sock=slot1_4_136722_c471_99215>
...
040 (9030252.000.000) 2021-06-24 03:54:54 Finished transferring input files
...
001 (9030252.000.000) 2021-06-24 03:54:55 Job executing on host: <128.105.244.149:9618?addrs=128.105.244.149-9618&alias=gpulab2003.chtc.wisc.edu&noUDP&sock=startd_3566_8ed0>
...
006 (9030252.000.000) 2021-06-24 03:55:04 Image size of job updated: 95164
	87  -  MemoryUsage of job (MB)
	89056  -  ResidentSetSize of job (KB)
...
006 (9030252.000.000) 2021-06-24 03:58:04 Image size of job updated: 5337744
	88  -  MemoryUsage of job (MB)
	89304  -  ResidentSetSize of job (KB)
...
040 (9030252.000.000) 2021-06-24 03:58:04 Started transferring output files
...
040 (9030252.000.000) 2021-06-24 03:58:04 Finished transferring output files
...
005 (9030252.000.000) 2021-06-24 03:58:05 Job terminated.
	(1) Normal termination (return value 1)
		Usr 0 00:02:26, Sys 0 00:00:23  -  Run Remote Usage
		Usr 0 00:00:00, Sys 0 00:00:00  -  Run Local Usage
		Usr 0 00:02:26, Sys 0 00:00:23  -  Total Remote Usage
		Usr 0 00:00:00, Sys 0 00:00:00  -  Total Local Usage
	40816  -  Run Bytes Sent By Job
	18602  -  Run Bytes Received By Job
	40816  -  Total Bytes Sent By Job
	18602  -  Total Bytes Received By Job
	Partitionable Resources :       Usage  Request Allocated Assigned
	   Cpus                 :        0.35        1         1 
	   Disk (KB)            : 15732279     5242880  10573832 
	   Gpus (Average)       :                    1         1 "GPU-66a55ce8"
	   IoHeavy              :                              0 
	   Memory (MB)          :       88        4096      4096 

	Job terminated of its own accord at 2021-06-24T08:58:04Z.
...
