000 (9030257.000.000) 2021-06-24 04:16:26 Job submitted from host: <128.104.101.92:9618?addrs=128.104.101.92-9618+[2607-f388-107c-501-a236-9fff-fe3c-caa8]-9618&alias=submit2.chtc.wisc.edu&noUDP&sock=schedd_2619476_3c5d>
...
040 (9030257.000.000) 2021-06-24 04:16:30 Started transferring input files
	Transferring to host: <128.105.244.149:9618?addrs=128.105.244.149-9618&alias=gpulab2003.chtc.wisc.edu&noUDP&sock=slot1_4_136722_c471_99257>
...
040 (9030257.000.000) 2021-06-24 04:16:30 Finished transferring input files
...
001 (9030257.000.000) 2021-06-24 04:16:31 Job executing on host: <128.105.244.149:9618?addrs=128.105.244.149-9618&alias=gpulab2003.chtc.wisc.edu&noUDP&sock=startd_3566_8ed0>
...
006 (9030257.000.000) 2021-06-24 04:16:40 Image size of job updated: 91564
	84  -  MemoryUsage of job (MB)
	85456  -  ResidentSetSize of job (KB)
...
006 (9030257.000.000) 2021-06-24 04:21:41 Image size of job updated: 9203680
	1852  -  MemoryUsage of job (MB)
	1896248  -  ResidentSetSize of job (KB)
...
006 (9030257.000.000) 2021-06-24 04:26:42 Image size of job updated: 10089276
	2632  -  MemoryUsage of job (MB)
	2694948  -  ResidentSetSize of job (KB)
...
006 (9030257.000.000) 2021-06-24 04:31:42 Image size of job updated: 10681404
	3002  -  MemoryUsage of job (MB)
	3073888  -  ResidentSetSize of job (KB)
...
006 (9030257.000.000) 2021-06-24 04:41:43 Image size of job updated: 10681800
	3003  -  MemoryUsage of job (MB)
	3074252  -  ResidentSetSize of job (KB)
...
006 (9030257.000.000) 2021-06-24 04:46:44 Image size of job updated: 10682328
	3003  -  MemoryUsage of job (MB)
	3074880  -  ResidentSetSize of job (KB)
...
006 (9030257.000.000) 2021-06-24 04:51:44 Image size of job updated: 11272152
	3550  -  MemoryUsage of job (MB)
	3634416  -  ResidentSetSize of job (KB)
...
006 (9030257.000.000) 2021-06-24 04:56:45 Image size of job updated: 11796440
	4075  -  MemoryUsage of job (MB)
	4172132  -  ResidentSetSize of job (KB)
...
006 (9030257.000.000) 2021-06-24 05:01:46 Image size of job updated: 11796440
	4076  -  MemoryUsage of job (MB)
	4173076  -  ResidentSetSize of job (KB)
...
006 (9030257.000.000) 2021-06-24 05:09:52 Image size of job updated: 11796440
	4079  -  MemoryUsage of job (MB)
	4176388  -  ResidentSetSize of job (KB)
...
007 (9030257.000.000) 2021-06-24 05:09:52 Shadow exception!
	Error from slot1_4@gpulab2003.chtc.wisc.edu: Job has gone over memory limit of 3686 megabytes. Peak usage: 4079 megabytes.
	0  -  Run Bytes Sent By Job
	18659  -  Run Bytes Received By Job
...
012 (9030257.000.000) 2021-06-24 05:09:52 Job was held.
	Error from slot1_4@gpulab2003.chtc.wisc.edu: Job has gone over memory limit of 3686 megabytes. Peak usage: 4079 megabytes.
	Code 34 Subcode 0
...
009 (9030257.000.000) 2021-06-24 10:57:23 Job was aborted.
	via condor_rm (by user kyao24)
...
