000 (9032024.000.000) 2021-06-24 22:24:58 Job submitted from host: <128.104.101.92:9618?addrs=128.104.101.92-9618+[2607-f388-107c-501-a236-9fff-fe3c-caa8]-9618&alias=submit2.chtc.wisc.edu&noUDP&sock=schedd_2619476_3c5d>
...
040 (9032024.000.000) 2021-06-24 22:25:34 Started transferring input files
	Transferring to host: <128.104.102.52:9618?addrs=128.104.102.52-9618+[2607-f388-107c-501-ec4-7aff-fe85-7a10]-9618&alias=gzk-2.chtc.wisc.edu&noUDP&sock=starter_10320_1f9d_25>
...
040 (9032024.000.000) 2021-06-24 22:25:34 Finished transferring input files
...
001 (9032024.000.000) 2021-06-24 22:25:35 Job executing on host: <128.104.102.52:9618?addrs=128.104.102.52-9618+[2607-f388-107c-501-ec4-7aff-fe85-7a10]-9618&alias=gzk-2.chtc.wisc.edu&noUDP&sock=startd_2862_ac24_28>
...
006 (9032024.000.000) 2021-06-24 22:25:43 Image size of job updated: 94672
	87  -  MemoryUsage of job (MB)
	88440  -  ResidentSetSize of job (KB)
...
006 (9032024.000.000) 2021-06-24 22:30:43 Image size of job updated: 1564588
	1331  -  MemoryUsage of job (MB)
	1362132  -  ResidentSetSize of job (KB)
...
006 (9032024.000.000) 2021-06-24 22:35:43 Image size of job updated: 1844528
	1604  -  MemoryUsage of job (MB)
	1642072  -  ResidentSetSize of job (KB)
...
006 (9032024.000.000) 2021-06-24 22:40:43 Image size of job updated: 2150476
	1903  -  MemoryUsage of job (MB)
	1948020  -  ResidentSetSize of job (KB)
...
006 (9032024.000.000) 2021-06-24 22:45:43 Image size of job updated: 2466720
	2212  -  MemoryUsage of job (MB)
	2264264  -  ResidentSetSize of job (KB)
...
006 (9032024.000.000) 2021-06-24 22:50:44 Image size of job updated: 2792308
	2530  -  MemoryUsage of job (MB)
	2589852  -  ResidentSetSize of job (KB)
...
006 (9032024.000.000) 2021-06-24 22:55:56 Image size of job updated: 3089232
	2820  -  MemoryUsage of job (MB)
	2886776  -  ResidentSetSize of job (KB)
...
006 (9032024.000.000) 2021-06-24 23:00:45 Image size of job updated: 3386548
	3110  -  MemoryUsage of job (MB)
	3184092  -  ResidentSetSize of job (KB)
...
006 (9032024.000.000) 2021-06-24 23:05:45 Image size of job updated: 3679932
	3396  -  MemoryUsage of job (MB)
	3477476  -  ResidentSetSize of job (KB)
...
040 (9032024.000.000) 2021-06-24 23:06:39 Entered queue to transfer output files
...
040 (9032024.000.000) 2021-06-24 23:11:39 Started transferring output files
...
040 (9032024.000.000) 2021-06-24 23:13:25 Finished transferring output files
...
005 (9032024.000.000) 2021-06-24 23:14:17 Job terminated.
	(1) Normal termination (return value 1)
		Usr 0 00:39:23, Sys 0 00:00:28  -  Run Remote Usage
		Usr 0 00:00:00, Sys 0 00:00:00  -  Run Local Usage
		Usr 0 00:39:23, Sys 0 00:00:28  -  Total Remote Usage
		Usr 0 00:00:00, Sys 0 00:00:00  -  Total Local Usage
	140009  -  Run Bytes Sent By Job
	19459  -  Run Bytes Received By Job
	140009  -  Total Bytes Sent By Job
	19459  -  Total Bytes Received By Job
	Partitionable Resources :       Usage  Request Allocated Assigned
	   Cpus                 :        0           1         1 
	   Disk (KB)            : 15733051     5242880   6767308 
	   Gpus (Average)       :        0.11        1         1 "CUDA1"
	   GpusMemory (MB)      :      556                       
	   Memory (MB)          :     3396       32768     32768 

	Job terminated of its own accord at 2021-06-25T04:06:03Z.
...
