000 (8891524.000.000) 2021-03-08 19:35:51 Job submitted from host: <128.104.101.92:9618?addrs=128.104.101.92-9618+[2607-f388-107c-501-a236-9fff-fe3c-caa8]-9618&alias=submit2.chtc.wisc.edu&noUDP&sock=schedd_77175_3596>
...
040 (8891524.000.000) 2021-03-08 19:37:45 Started transferring input files
	Transferring to host: <128.105.244.149:9618?addrs=128.105.244.149-9618&alias=gpulab2003.chtc.wisc.edu&noUDP&sock=slot1_4_16665_bfff_187594>
...
040 (8891524.000.000) 2021-03-08 19:37:45 Finished transferring input files
...
001 (8891524.000.000) 2021-03-08 19:37:46 Job executing on host: <128.105.244.149:9618?addrs=128.105.244.149-9618&alias=gpulab2003.chtc.wisc.edu&noUDP&sock=startd_4258_365a>
...
006 (8891524.000.000) 2021-03-08 19:37:54 Image size of job updated: 605624
	592  -  MemoryUsage of job (MB)
	605624  -  ResidentSetSize of job (KB)
...
006 (8891524.000.000) 2021-03-08 19:42:56 Image size of job updated: 4194288
	4096  -  MemoryUsage of job (MB)
	4194288  -  ResidentSetSize of job (KB)
...
040 (8891524.000.000) 2021-03-09 05:56:03 Started transferring output files
...
040 (8891524.000.000) 2021-03-09 05:56:05 Finished transferring output files
...
005 (8891524.000.000) 2021-03-09 05:56:05 Job terminated.
	(1) Normal termination (return value 0)
		Usr 0 10:03:33, Sys 0 00:13:11  -  Run Remote Usage
		Usr 0 00:00:00, Sys 0 00:00:00  -  Run Local Usage
		Usr 0 10:03:33, Sys 0 00:13:11  -  Total Remote Usage
		Usr 0 00:00:00, Sys 0 00:00:00  -  Total Local Usage
	106650440  -  Run Bytes Sent By Job
	16566091  -  Run Bytes Received By Job
	106650440  -  Total Bytes Sent By Job
	16566091  -  Total Bytes Received By Job
	Partitionable Resources :       Usage  Request Allocated Assigned
	   Cpus                 :        1.00        1         1 
	   Disk (KB)            : 14636042     5242880  10571670 
	   Gpus (Average)       :                    1         1 "GPU-66a55ce8"
	   IoHeavy              :                              0 
	   Memory (MB)          :     4096        4096      4096 

	Job terminated of its own accord at 2021-03-09T11:56:03Z.
...
