000 (8891523.000.000) 2021-03-08 19:35:41 Job submitted from host: <128.104.101.92:9618?addrs=128.104.101.92-9618+[2607-f388-107c-501-a236-9fff-fe3c-caa8]-9618&alias=submit2.chtc.wisc.edu&noUDP&sock=schedd_77175_3596>
...
040 (8891523.000.000) 2021-03-08 19:35:47 Started transferring input files
	Transferring to host: <128.105.245.13:9618?addrs=128.105.245.13-9618&alias=gpu2001.chtc.wisc.edu&noUDP&sock=slot1_1_129639_2731_202230>
...
040 (8891523.000.000) 2021-03-08 19:35:47 Finished transferring input files
...
001 (8891523.000.000) 2021-03-08 19:35:48 Job executing on host: <128.105.245.13:9618?addrs=128.105.245.13-9618&alias=gpu2001.chtc.wisc.edu&noUDP&sock=startd_5640_263c>
...
006 (8891523.000.000) 2021-03-08 19:35:58 Image size of job updated: 2206048
	2155  -  MemoryUsage of job (MB)
	2206048  -  ResidentSetSize of job (KB)
...
006 (8891523.000.000) 2021-03-08 19:40:59 Image size of job updated: 4194256
	4096  -  MemoryUsage of job (MB)
	4194256  -  ResidentSetSize of job (KB)
...
006 (8891523.000.000) 2021-03-08 19:45:59 Image size of job updated: 4194268
	4096  -  MemoryUsage of job (MB)
	4194268  -  ResidentSetSize of job (KB)
...
004 (8891523.000.000) 2021-03-09 07:25:49 Job was evicted.
	(0) CPU times
		Usr 0 11:04:38, Sys 0 00:20:01  -  Run Remote Usage
		Usr 0 00:00:00, Sys 0 00:00:00  -  Run Local Usage
	0  -  Run Bytes Sent By Job
	16565976  -  Run Bytes Received By Job
	Partitionable Resources :       Usage  Request Allocated Assigned
	   Cpus                 :        0.99        1         1 
	   Disk (KB)            : 14635993     5242880   7244850 
	   Gpus (Average)       :                    1         1 "GPU-ddc1c098"
	   IoHeavy              :                              0 
	   Memory (MB)          :     4096        4096      4096 
...
040 (8891523.000.000) 2021-03-09 07:26:11 Started transferring input files
	Transferring to host: <128.105.244.149:9618?addrs=128.105.244.149-9618&alias=gpulab2003.chtc.wisc.edu&noUDP&sock=slot1_4_16665_bfff_189411>
...
040 (8891523.000.000) 2021-03-09 07:26:11 Finished transferring input files
...
001 (8891523.000.000) 2021-03-09 07:26:12 Job executing on host: <128.105.244.149:9618?addrs=128.105.244.149-9618&alias=gpulab2003.chtc.wisc.edu&noUDP&sock=startd_4258_365a>
...
004 (8891523.000.000) 2021-03-09 07:26:12 Job was evicted.
	(0) CPU times
		Usr 0 00:00:00, Sys 0 00:00:00  -  Run Remote Usage
		Usr 0 00:00:00, Sys 0 00:00:00  -  Run Local Usage
	0  -  Run Bytes Sent By Job
	16565976  -  Run Bytes Received By Job
	Partitionable Resources :    Usage  Request Allocated Assigned
	   Cpus                 :        0        1         1 
	   Disk (KB)            :    16211  5242880  10571670 
	   Gpus (Average)       :                 1         1 "GPU-66a55ce8"
	   IoHeavy              :                           0 
	   Memory (MB)          :     4151     4096      4096 
...
040 (8891523.000.000) 2021-03-09 07:26:20 Started transferring input files
	Transferring to host: <128.105.244.149:9618?addrs=128.105.244.149-9618&alias=gpulab2003.chtc.wisc.edu&noUDP&sock=slot1_4_16665_bfff_189412>
...
040 (8891523.000.000) 2021-03-09 07:26:21 Finished transferring input files
...
001 (8891523.000.000) 2021-03-09 07:26:22 Job executing on host: <128.105.244.149:9618?addrs=128.105.244.149-9618&alias=gpulab2003.chtc.wisc.edu&noUDP&sock=startd_4258_365a>
...
004 (8891523.000.000) 2021-03-09 07:26:23 Job was evicted.
	(0) CPU times
		Usr 0 00:00:00, Sys 0 00:00:00  -  Run Remote Usage
		Usr 0 00:00:00, Sys 0 00:00:00  -  Run Local Usage
	0  -  Run Bytes Sent By Job
	16565976  -  Run Bytes Received By Job
	Partitionable Resources :    Usage  Request Allocated Assigned
	   Cpus                 :     0.09        1         1 
	   Disk (KB)            : 95699     5242880  10571670 
	   Gpus (Average)       :                 1         1 "GPU-66a55ce8"
	   IoHeavy              :                           0 
	   Memory (MB)          :  4151        4096      4096 
...
040 (8891523.000.000) 2021-03-09 07:36:30 Started transferring input files
	Transferring to host: <128.104.102.52:9618?addrs=128.104.102.52-9618+[2607-f388-107c-501-ec4-7aff-fe85-7a10]-9618&alias=gzk-2.chtc.wisc.edu&noUDP&sock=starter_22232_3481_6>
...
040 (8891523.000.000) 2021-03-09 07:36:30 Finished transferring input files
...
001 (8891523.000.000) 2021-03-09 07:36:31 Job executing on host: <128.104.102.52:9618?addrs=128.104.102.52-9618+[2607-f388-107c-501-ec4-7aff-fe85-7a10]-9618&alias=gzk-2.chtc.wisc.edu&noUDP&sock=startd_2902_1bed_55>
...
040 (8891523.000.000) 2021-03-09 16:50:40 Started transferring output files
...
040 (8891523.000.000) 2021-03-09 16:50:42 Finished transferring output files
...
005 (8891523.000.000) 2021-03-09 16:50:42 Job terminated.
	(1) Normal termination (return value 0)
		Usr 0 09:01:47, Sys 0 00:12:12  -  Run Remote Usage
		Usr 0 00:00:00, Sys 0 00:00:00  -  Run Local Usage
		Usr 0 20:06:25, Sys 0 00:32:13  -  Total Remote Usage
		Usr 0 00:00:00, Sys 0 00:00:00  -  Total Local Usage
	106648880  -  Run Bytes Sent By Job
	16565976  -  Run Bytes Received By Job
	106648880  -  Total Bytes Sent By Job
	66263904  -  Total Bytes Received By Job
	Partitionable Resources :       Usage  Request  Allocated Assigned
	   Cpus                 :        1.00        1         16 
	   Disk (KB)            : 14635981     5242880 1301014893 
	   Gpus (Average)       :        0.08        1          8 "CUDA0,CUDA1,CUDA2,CUDA3,CUDA4,CUDA5,CUDA6,CUDA7"
	   GpusMemory (MB)      :     2232                        
	   Memory (MB)          :     4151        4096      64000 

	Job terminated of its own accord at 2021-03-09T22:50:40Z.
...
