000 (8891525.000.000) 2021-03-08 19:35:58 Job submitted from host: <128.104.101.92:9618?addrs=128.104.101.92-9618+[2607-f388-107c-501-a236-9fff-fe3c-caa8]-9618&alias=submit2.chtc.wisc.edu&noUDP&sock=schedd_77175_3596>
...
040 (8891525.000.000) 2021-03-08 19:37:13 Started transferring input files
	Transferring to host: <128.104.102.54:9618?addrs=128.104.102.54-9618+[2607-f388-107c-501-ec4-7aff-fe85-79f8]-9618&alias=gzk-4.chtc.wisc.edu&noUDP&sock=starter_27838_23a5_4>
...
040 (8891525.000.000) 2021-03-08 19:37:14 Finished transferring input files
...
001 (8891525.000.000) 2021-03-08 19:37:15 Job executing on host: <128.104.102.54:9618?addrs=128.104.102.54-9618+[2607-f388-107c-501-ec4-7aff-fe85-79f8]-9618&alias=gzk-4.chtc.wisc.edu&noUDP&sock=startd_2282_d735_62>
...
006 (8891525.000.000) 2021-03-08 19:37:23 Image size of job updated: 93064
	85  -  MemoryUsage of job (MB)
	86968  -  ResidentSetSize of job (KB)
...
006 (8891525.000.000) 2021-03-08 19:42:23 Image size of job updated: 1643652
	1406  -  MemoryUsage of job (MB)
	1439744  -  ResidentSetSize of job (KB)
...
006 (8891525.000.000) 2021-03-08 19:52:24 Image size of job updated: 1643940
	1407  -  MemoryUsage of job (MB)
	1439784  -  ResidentSetSize of job (KB)
...
006 (8891525.000.000) 2021-03-08 19:57:24 Image size of job updated: 1643948
	1407  -  MemoryUsage of job (MB)
	1439792  -  ResidentSetSize of job (KB)
...
006 (8891525.000.000) 2021-03-08 20:07:24 Image size of job updated: 1644064
	1407  -  MemoryUsage of job (MB)
	1439908  -  ResidentSetSize of job (KB)
...
006 (8891525.000.000) 2021-03-08 20:52:26 Image size of job updated: 1644068
	1407  -  MemoryUsage of job (MB)
	1439912  -  ResidentSetSize of job (KB)
...
006 (8891525.000.000) 2021-03-08 22:47:35 Image size of job updated: 1644072
	1407  -  MemoryUsage of job (MB)
	1439916  -  ResidentSetSize of job (KB)
...
040 (8891525.000.000) 2021-03-09 03:14:14 Started transferring output files
...
040 (8891525.000.000) 2021-03-09 03:14:16 Finished transferring output files
...
005 (8891525.000.000) 2021-03-09 03:14:16 Job terminated.
	(1) Normal termination (return value 0)
		Usr 0 07:26:34, Sys 0 00:10:11  -  Run Remote Usage
		Usr 0 00:00:00, Sys 0 00:00:00  -  Run Local Usage
		Usr 0 07:26:34, Sys 0 00:10:11  -  Total Remote Usage
		Usr 0 00:00:00, Sys 0 00:00:00  -  Total Local Usage
	106647992  -  Run Bytes Sent By Job
	16566144  -  Run Bytes Received By Job
	106647992  -  Total Bytes Sent By Job
	16566144  -  Total Bytes Received By Job
	Partitionable Resources :       Usage  Request Allocated Assigned
	   Cpus                 :        0           1         1 
	   Disk (KB)            : 14635977     5242880   6767308 
	   Gpus (Average)       :        0.08        1         1 "CUDA0"
	   GpusMemory (MB)      :      528                       
	   Memory (MB)          :     1407        4096      4096 

	Job terminated of its own accord at 2021-03-09T09:14:14Z.
...
