000 (8893288.000.000) 2021-03-15 07:51:03 Job submitted from host: <128.104.101.92:9618?addrs=128.104.101.92-9618+[2607-f388-107c-501-a236-9fff-fe3c-caa8]-9618&alias=submit2.chtc.wisc.edu&noUDP&sock=schedd_77175_3596>
...
040 (8893288.000.000) 2021-03-15 07:51:09 Started transferring input files
	Transferring to host: <128.105.244.149:9618?addrs=128.105.244.149-9618&alias=gpulab2003.chtc.wisc.edu&noUDP&sock=slot1_7_16665_bfff_223312>
...
040 (8893288.000.000) 2021-03-15 07:51:09 Finished transferring input files
...
001 (8893288.000.000) 2021-03-15 07:51:10 Job executing on host: <128.105.244.149:9618?addrs=128.105.244.149-9618&alias=gpulab2003.chtc.wisc.edu&noUDP&sock=startd_4258_365a>
...
006 (8893288.000.000) 2021-03-15 07:51:19 Image size of job updated: 586324
	573  -  MemoryUsage of job (MB)
	586324  -  ResidentSetSize of job (KB)
...
006 (8893288.000.000) 2021-03-15 07:56:20 Image size of job updated: 4012876
	3919  -  MemoryUsage of job (MB)
	4012876  -  ResidentSetSize of job (KB)
...
006 (8893288.000.000) 2021-03-15 08:01:20 Image size of job updated: 4089248
	3994  -  MemoryUsage of job (MB)
	4089248  -  ResidentSetSize of job (KB)
...
004 (8893288.000.000) 2021-03-15 09:34:23 Job was evicted.
	(0) CPU times
		Usr 0 01:39:56, Sys 0 00:02:49  -  Run Remote Usage
		Usr 0 00:00:00, Sys 0 00:00:00  -  Run Local Usage
	0  -  Run Bytes Sent By Job
	16569455  -  Run Bytes Received By Job
	Partitionable Resources :       Usage  Request Allocated Assigned
	   Cpus                 :        1.00        1         1 
	   Disk (KB)            : 14795902     5242880  10571670 
	   Gpus (Average)       :                    1         1 "GPU-eb157808"
	   IoHeavy              :                              0 
	   Memory (MB)          :     3994        4096      4096 
...
009 (8893288.000.000) 2021-03-15 09:34:23 Job was aborted.
	via condor_rm (by user kyao24)
...
