000 (8893095.000.000) 2021-03-12 21:28:10 Job submitted from host: <128.104.101.92:9618?addrs=128.104.101.92-9618+[2607-f388-107c-501-a236-9fff-fe3c-caa8]-9618&alias=submit2.chtc.wisc.edu&noUDP&sock=schedd_77175_3596>
...
040 (8893095.000.000) 2021-03-12 21:28:18 Started transferring input files
	Transferring to host: <128.105.244.149:9618?addrs=128.105.244.149-9618&alias=gpulab2003.chtc.wisc.edu&noUDP&sock=slot1_4_16665_bfff_209242>
...
040 (8893095.000.000) 2021-03-12 21:28:18 Finished transferring input files
...
001 (8893095.000.000) 2021-03-12 21:28:19 Job executing on host: <128.105.244.149:9618?addrs=128.105.244.149-9618&alias=gpulab2003.chtc.wisc.edu&noUDP&sock=startd_4258_365a>
...
006 (8893095.000.000) 2021-03-12 21:28:27 Image size of job updated: 521772
	510  -  MemoryUsage of job (MB)
	521772  -  ResidentSetSize of job (KB)
...
006 (8893095.000.000) 2021-03-12 21:33:28 Image size of job updated: 4194152
	4096  -  MemoryUsage of job (MB)
	4194152  -  ResidentSetSize of job (KB)
...
006 (8893095.000.000) 2021-03-12 21:43:30 Image size of job updated: 4194248
	4096  -  MemoryUsage of job (MB)
	4194248  -  ResidentSetSize of job (KB)
...
006 (8893095.000.000) 2021-03-13 00:53:47 Image size of job updated: 4194252
	4096  -  MemoryUsage of job (MB)
	4194252  -  ResidentSetSize of job (KB)
...
004 (8893095.000.000) 2021-03-13 09:18:19 Job was evicted.
	(0) CPU times
		Usr 0 11:27:48, Sys 0 00:15:07  -  Run Remote Usage
		Usr 0 00:00:00, Sys 0 00:00:00  -  Run Local Usage
	0  -  Run Bytes Sent By Job
	16566669  -  Run Bytes Received By Job
	Partitionable Resources :       Usage  Request Allocated Assigned
	   Cpus                 :        0.99        1         1 
	   Disk (KB)            : 14663997     5242880  10571670 
	   Gpus (Average)       :                    1         1 "GPU-66a55ce8"
	   IoHeavy              :                              0 
	   Memory (MB)          :     4096        4096      4096 
...
040 (8893095.000.000) 2021-03-13 09:22:58 Started transferring input files
	Transferring to host: <128.105.244.143:9618?addrs=128.105.244.143-9618&alias=gpulab2001.chtc.wisc.edu&noUDP&sock=slot1_2_4635_86d6_160588>
...
040 (8893095.000.000) 2021-03-13 09:22:59 Finished transferring input files
...
001 (8893095.000.000) 2021-03-13 09:23:00 Job executing on host: <128.105.244.143:9618?addrs=128.105.244.143-9618&alias=gpulab2001.chtc.wisc.edu&noUDP&sock=startd_3796_5198>
...
004 (8893095.000.000) 2021-03-13 09:23:00 Job was evicted.
	(0) CPU times
		Usr 0 00:00:01, Sys 0 00:00:01  -  Run Remote Usage
		Usr 0 00:00:00, Sys 0 00:00:00  -  Run Local Usage
	0  -  Run Bytes Sent By Job
	16566669  -  Run Bytes Received By Job
	Partitionable Resources :     Usage  Request Allocated Assigned
	   Cpus                 :      0.06        1         1 
	   Disk (KB)            : 107667     5242880  10579194 
	   Gpus (Average)       :                  1         1 "GPU-5498e439"
	   IoHeavy              :                            0 
	   Memory (MB)          :   4151        4096      4096 
...
040 (8893095.000.000) 2021-03-13 09:23:09 Started transferring input files
	Transferring to host: <128.105.244.143:9618?addrs=128.105.244.143-9618&alias=gpulab2001.chtc.wisc.edu&noUDP&sock=slot1_2_4635_86d6_160589>
...
040 (8893095.000.000) 2021-03-13 09:23:09 Finished transferring input files
...
001 (8893095.000.000) 2021-03-13 09:23:10 Job executing on host: <128.105.244.143:9618?addrs=128.105.244.143-9618&alias=gpulab2001.chtc.wisc.edu&noUDP&sock=startd_3796_5198>
...
004 (8893095.000.000) 2021-03-13 09:23:10 Job was evicted.
	(0) CPU times
		Usr 0 00:00:00, Sys 0 00:00:00  -  Run Remote Usage
		Usr 0 00:00:00, Sys 0 00:00:00  -  Run Local Usage
	0  -  Run Bytes Sent By Job
	16566669  -  Run Bytes Received By Job
	Partitionable Resources :    Usage  Request Allocated Assigned
	   Cpus                 :        0        1         1 
	   Disk (KB)            :    16210  5242880  10579194 
	   Gpus (Average)       :                 1         1 "GPU-5498e439"
	   IoHeavy              :                           0 
	   Memory (MB)          :     4151     4096      4096 
...
040 (8893095.000.000) 2021-03-13 09:23:17 Started transferring input files
	Transferring to host: <128.105.244.143:9618?addrs=128.105.244.143-9618&alias=gpulab2001.chtc.wisc.edu&noUDP&sock=slot1_2_4635_86d6_160591>
...
022 (8893095.000.000) 2021-03-13 09:23:17 Job disconnected, attempting to reconnect
    Socket between submit and execute hosts closed unexpectedly
    Trying to reconnect to slot1_2@gpulab2001.chtc.wisc.edu <128.105.244.143:9618?addrs=128.105.244.143-9618&alias=gpulab2001.chtc.wisc.edu&noUDP&sock=startd_3796_5198>
...
040 (8893095.000.000) 2021-03-13 09:23:17 Finished transferring input files
...
024 (8893095.000.000) 2021-03-13 09:23:26 Job reconnection failed
    Job not found at execution machine
    Can not reconnect to slot1_2@gpulab2001.chtc.wisc.edu, rescheduling job
...
040 (8893095.000.000) 2021-03-13 09:23:33 Started transferring input files
	Transferring to host: <128.105.244.143:9618?addrs=128.105.244.143-9618&alias=gpulab2001.chtc.wisc.edu&noUDP&sock=slot1_2_4635_86d6_160596>
...
040 (8893095.000.000) 2021-03-13 09:23:34 Finished transferring input files
...
001 (8893095.000.000) 2021-03-13 09:23:35 Job executing on host: <128.105.244.143:9618?addrs=128.105.244.143-9618&alias=gpulab2001.chtc.wisc.edu&noUDP&sock=startd_3796_5198>
...
004 (8893095.000.000) 2021-03-13 09:23:36 Job was evicted.
	(0) CPU times
		Usr 0 00:00:01, Sys 0 00:00:01  -  Run Remote Usage
		Usr 0 00:00:00, Sys 0 00:00:00  -  Run Local Usage
	0  -  Run Bytes Sent By Job
	16566669  -  Run Bytes Received By Job
	Partitionable Resources :     Usage  Request Allocated Assigned
	   Cpus                 :      0.08        1         1 
	   Disk (KB)            : 111507     5242880  10579194 
	   Gpus (Average)       :                  1         1 "GPU-5498e439"
	   IoHeavy              :                            0 
	   Memory (MB)          :   4151        4096      4096 
...
040 (8893095.000.000) 2021-03-13 09:23:42 Started transferring input files
	Transferring to host: <128.105.244.143:9618?addrs=128.105.244.143-9618&alias=gpulab2001.chtc.wisc.edu&noUDP&sock=slot1_2_4635_86d6_160598>
...
040 (8893095.000.000) 2021-03-13 09:23:42 Finished transferring input files
...
001 (8893095.000.000) 2021-03-13 09:23:43 Job executing on host: <128.105.244.143:9618?addrs=128.105.244.143-9618&alias=gpulab2001.chtc.wisc.edu&noUDP&sock=startd_3796_5198>
...
004 (8893095.000.000) 2021-03-13 09:23:43 Job was evicted.
	(0) CPU times
		Usr 0 00:00:00, Sys 0 00:00:00  -  Run Remote Usage
		Usr 0 00:00:00, Sys 0 00:00:00  -  Run Local Usage
	0  -  Run Bytes Sent By Job
	16566669  -  Run Bytes Received By Job
	Partitionable Resources :    Usage  Request Allocated Assigned
	   Cpus                 :        0        1         1 
	   Disk (KB)            :    16210  5242880  10579194 
	   Gpus (Average)       :                 1         1 "GPU-5498e439"
	   IoHeavy              :                           0 
	   Memory (MB)          :     4151     4096      4096 
...
040 (8893095.000.000) 2021-03-13 09:23:49 Started transferring input files
	Transferring to host: <128.105.244.149:9618?addrs=128.105.244.149-9618&alias=gpulab2003.chtc.wisc.edu&noUDP&sock=slot1_3_16665_bfff_210571>
...
022 (8893095.000.000) 2021-03-13 09:23:49 Job disconnected, attempting to reconnect
    Socket between submit and execute hosts closed unexpectedly
    Trying to reconnect to slot1_3@gpulab2003.chtc.wisc.edu <128.105.244.149:9618?addrs=128.105.244.149-9618&alias=gpulab2003.chtc.wisc.edu&noUDP&sock=startd_4258_365a>
...
024 (8893095.000.000) 2021-03-13 09:23:49 Job reconnection failed
    Job not found at execution machine
    Can not reconnect to slot1_3@gpulab2003.chtc.wisc.edu, rescheduling job
...
040 (8893095.000.000) 2021-03-13 09:23:58 Started transferring input files
	Transferring to host: <128.105.244.149:9618?addrs=128.105.244.149-9618&alias=gpulab2003.chtc.wisc.edu&noUDP&sock=slot1_3_16665_bfff_210572>
...
040 (8893095.000.000) 2021-03-13 09:23:58 Finished transferring input files
...
001 (8893095.000.000) 2021-03-13 09:23:59 Job executing on host: <128.105.244.149:9618?addrs=128.105.244.149-9618&alias=gpulab2003.chtc.wisc.edu&noUDP&sock=startd_4258_365a>
...
004 (8893095.000.000) 2021-03-13 09:23:59 Job was evicted.
	(0) CPU times
		Usr 0 00:00:00, Sys 0 00:00:00  -  Run Remote Usage
		Usr 0 00:00:00, Sys 0 00:00:00  -  Run Local Usage
	0  -  Run Bytes Sent By Job
	16566669  -  Run Bytes Received By Job
	Partitionable Resources :    Usage  Request Allocated Assigned
	   Cpus                 :     0.10        1         1 
	   Disk (KB)            : 16212     5242880  10571670 
	   Gpus (Average)       :                 1         1 "GPU-dbf7d9bb"
	   IoHeavy              :                           0 
	   Memory (MB)          :  4151        4096      4096 
...
040 (8893095.000.000) 2021-03-13 09:25:05 Started transferring input files
	Transferring to host: <128.105.244.143:9618?addrs=128.105.244.143-9618&alias=gpulab2001.chtc.wisc.edu&noUDP&sock=slot1_2_4635_86d6_160606>
...
040 (8893095.000.000) 2021-03-13 09:25:06 Finished transferring input files
...
001 (8893095.000.000) 2021-03-13 09:25:07 Job executing on host: <128.105.244.143:9618?addrs=128.105.244.143-9618&alias=gpulab2001.chtc.wisc.edu&noUDP&sock=startd_3796_5198>
...
004 (8893095.000.000) 2021-03-13 09:25:07 Job was evicted.
	(0) CPU times
		Usr 0 00:00:00, Sys 0 00:00:00  -  Run Remote Usage
		Usr 0 00:00:00, Sys 0 00:00:00  -  Run Local Usage
	0  -  Run Bytes Sent By Job
	16566669  -  Run Bytes Received By Job
	Partitionable Resources :    Usage  Request Allocated Assigned
	   Cpus                 :        0        1         1 
	   Disk (KB)            :    16210  5242880  10579194 
	   Gpus (Average)       :                 1         1 "GPU-5498e439"
	   IoHeavy              :                           0 
	   Memory (MB)          :     4151     4096      4096 
...
040 (8893095.000.000) 2021-03-13 09:25:13 Started transferring input files
	Transferring to host: <128.105.244.149:9618?addrs=128.105.244.149-9618&alias=gpulab2003.chtc.wisc.edu&noUDP&sock=slot1_3_16665_bfff_210573>
...
040 (8893095.000.000) 2021-03-13 09:25:14 Finished transferring input files
...
001 (8893095.000.000) 2021-03-13 09:25:15 Job executing on host: <128.105.244.149:9618?addrs=128.105.244.149-9618&alias=gpulab2003.chtc.wisc.edu&noUDP&sock=startd_4258_365a>
...
004 (8893095.000.000) 2021-03-13 09:25:16 Job was evicted.
	(0) CPU times
		Usr 0 00:00:00, Sys 0 00:00:00  -  Run Remote Usage
		Usr 0 00:00:00, Sys 0 00:00:00  -  Run Local Usage
	0  -  Run Bytes Sent By Job
	16566669  -  Run Bytes Received By Job
	Partitionable Resources :     Usage  Request Allocated Assigned
	   Cpus                 :      0.07        1         1 
	   Disk (KB)            : 117780     5242880  10571670 
	   Gpus (Average)       :                  1         1 "GPU-dbf7d9bb"
	   IoHeavy              :                            0 
	   Memory (MB)          :   4151        4096      4096 
...
040 (8893095.000.000) 2021-03-13 09:25:22 Started transferring input files
	Transferring to host: <128.105.244.149:9618?addrs=128.105.244.149-9618&alias=gpulab2003.chtc.wisc.edu&noUDP&sock=slot1_3_16665_bfff_210574>
...
040 (8893095.000.000) 2021-03-13 09:25:22 Finished transferring input files
...
001 (8893095.000.000) 2021-03-13 09:25:23 Job executing on host: <128.105.244.149:9618?addrs=128.105.244.149-9618&alias=gpulab2003.chtc.wisc.edu&noUDP&sock=startd_4258_365a>
...
004 (8893095.000.000) 2021-03-13 09:25:24 Job was evicted.
	(0) CPU times
		Usr 0 00:00:00, Sys 0 00:00:00  -  Run Remote Usage
		Usr 0 00:00:00, Sys 0 00:00:00  -  Run Local Usage
	0  -  Run Bytes Sent By Job
	16566669  -  Run Bytes Received By Job
	Partitionable Resources :    Usage  Request Allocated Assigned
	   Cpus                 :     0.07        1         1 
	   Disk (KB)            : 40916     5242880  10571670 
	   Gpus (Average)       :                 1         1 "GPU-dbf7d9bb"
	   IoHeavy              :                           0 
	   Memory (MB)          :  4151        4096      4096 
...
040 (8893095.000.000) 2021-03-13 09:25:30 Started transferring input files
	Transferring to host: <128.105.244.149:9618?addrs=128.105.244.149-9618&alias=gpulab2003.chtc.wisc.edu&noUDP&sock=slot1_3_16665_bfff_210575>
...
040 (8893095.000.000) 2021-03-13 09:25:30 Finished transferring input files
...
001 (8893095.000.000) 2021-03-13 09:25:31 Job executing on host: <128.105.244.149:9618?addrs=128.105.244.149-9618&alias=gpulab2003.chtc.wisc.edu&noUDP&sock=startd_4258_365a>
...
004 (8893095.000.000) 2021-03-13 09:25:32 Job was evicted.
	(0) CPU times
		Usr 0 00:00:00, Sys 0 00:00:00  -  Run Remote Usage
		Usr 0 00:00:00, Sys 0 00:00:00  -  Run Local Usage
	0  -  Run Bytes Sent By Job
	16566669  -  Run Bytes Received By Job
	Partitionable Resources :     Usage  Request Allocated Assigned
	   Cpus                 :      0.06        1         1 
	   Disk (KB)            : 107156     5242880  10571670 
	   Gpus (Average)       :                  1         1 "GPU-dbf7d9bb"
	   IoHeavy              :                            0 
	   Memory (MB)          :   4151        4096      4096 
...
040 (8893095.000.000) 2021-03-13 09:25:38 Started transferring input files
	Transferring to host: <128.105.244.149:9618?addrs=128.105.244.149-9618&alias=gpulab2003.chtc.wisc.edu&noUDP&sock=slot1_3_16665_bfff_210576>
...
040 (8893095.000.000) 2021-03-13 09:25:38 Finished transferring input files
...
001 (8893095.000.000) 2021-03-13 09:25:39 Job executing on host: <128.105.244.149:9618?addrs=128.105.244.149-9618&alias=gpulab2003.chtc.wisc.edu&noUDP&sock=startd_4258_365a>
...
004 (8893095.000.000) 2021-03-13 09:25:39 Job was evicted.
	(0) CPU times
		Usr 0 00:00:00, Sys 0 00:00:00  -  Run Remote Usage
		Usr 0 00:00:00, Sys 0 00:00:00  -  Run Local Usage
	0  -  Run Bytes Sent By Job
	16566669  -  Run Bytes Received By Job
	Partitionable Resources :    Usage  Request Allocated Assigned
	   Cpus                 :        0        1         1 
	   Disk (KB)            :    16212  5242880  10571670 
	   Gpus (Average)       :                 1         1 "GPU-dbf7d9bb"
	   IoHeavy              :                           0 
	   Memory (MB)          :     4151     4096      4096 
...
040 (8893095.000.000) 2021-03-13 09:25:46 Started transferring input files
	Transferring to host: <128.105.244.149:9618?addrs=128.105.244.149-9618&alias=gpulab2003.chtc.wisc.edu&noUDP&sock=slot1_3_16665_bfff_210577>
...
040 (8893095.000.000) 2021-03-13 09:25:46 Finished transferring input files
...
001 (8893095.000.000) 2021-03-13 09:25:47 Job executing on host: <128.105.244.149:9618?addrs=128.105.244.149-9618&alias=gpulab2003.chtc.wisc.edu&noUDP&sock=startd_4258_365a>
...
004 (8893095.000.000) 2021-03-13 09:25:47 Job was evicted.
	(0) CPU times
		Usr 0 00:00:00, Sys 0 00:00:00  -  Run Remote Usage
		Usr 0 00:00:00, Sys 0 00:00:00  -  Run Local Usage
	0  -  Run Bytes Sent By Job
	16566669  -  Run Bytes Received By Job
	Partitionable Resources :    Usage  Request Allocated Assigned
	   Cpus                 :        0        1         1 
	   Disk (KB)            :    16212  5242880  10571670 
	   Gpus (Average)       :                 1         1 "GPU-dbf7d9bb"
	   IoHeavy              :                           0 
	   Memory (MB)          :     4151     4096      4096 
...
040 (8893095.000.000) 2021-03-13 09:25:55 Started transferring input files
	Transferring to host: <128.105.244.149:9618?addrs=128.105.244.149-9618&alias=gpulab2003.chtc.wisc.edu&noUDP&sock=slot1_3_16665_bfff_210578>
...
040 (8893095.000.000) 2021-03-13 09:25:55 Finished transferring input files
...
001 (8893095.000.000) 2021-03-13 09:25:56 Job executing on host: <128.105.244.149:9618?addrs=128.105.244.149-9618&alias=gpulab2003.chtc.wisc.edu&noUDP&sock=startd_4258_365a>
...
004 (8893095.000.000) 2021-03-13 09:25:57 Job was evicted.
	(0) CPU times
		Usr 0 00:00:00, Sys 0 00:00:00  -  Run Remote Usage
		Usr 0 00:00:00, Sys 0 00:00:00  -  Run Local Usage
	0  -  Run Bytes Sent By Job
	16566669  -  Run Bytes Received By Job
	Partitionable Resources :     Usage  Request Allocated Assigned
	   Cpus                 :      0.07        1         1 
	   Disk (KB)            : 118893     5242880  10571670 
	   Gpus (Average)       :                  1         1 "GPU-dbf7d9bb"
	   IoHeavy              :                            0 
	   Memory (MB)          :   4151        4096      4096 
...
040 (8893095.000.000) 2021-03-13 09:26:04 Started transferring input files
	Transferring to host: <128.105.244.149:9618?addrs=128.105.244.149-9618&alias=gpulab2003.chtc.wisc.edu&noUDP&sock=slot1_3_16665_bfff_210579>
...
040 (8893095.000.000) 2021-03-13 09:26:04 Finished transferring input files
...
001 (8893095.000.000) 2021-03-13 09:26:05 Job executing on host: <128.105.244.149:9618?addrs=128.105.244.149-9618&alias=gpulab2003.chtc.wisc.edu&noUDP&sock=startd_4258_365a>
...
004 (8893095.000.000) 2021-03-13 09:26:05 Job was evicted.
	(0) CPU times
		Usr 0 00:00:00, Sys 0 00:00:00  -  Run Remote Usage
		Usr 0 00:00:00, Sys 0 00:00:00  -  Run Local Usage
	0  -  Run Bytes Sent By Job
	16566669  -  Run Bytes Received By Job
	Partitionable Resources :    Usage  Request Allocated Assigned
	   Cpus                 :     0.08        1         1 
	   Disk (KB)            : 16212     5242880  10571670 
	   Gpus (Average)       :                 1         1 "GPU-dbf7d9bb"
	   IoHeavy              :                           0 
	   Memory (MB)          :  4151        4096      4096 
...
040 (8893095.000.000) 2021-03-13 09:26:12 Started transferring input files
	Transferring to host: <128.105.244.149:9618?addrs=128.105.244.149-9618&alias=gpulab2003.chtc.wisc.edu&noUDP&sock=slot1_3_16665_bfff_210580>
...
040 (8893095.000.000) 2021-03-13 09:26:12 Finished transferring input files
...
001 (8893095.000.000) 2021-03-13 09:26:13 Job executing on host: <128.105.244.149:9618?addrs=128.105.244.149-9618&alias=gpulab2003.chtc.wisc.edu&noUDP&sock=startd_4258_365a>
...
004 (8893095.000.000) 2021-03-13 09:26:13 Job was evicted.
	(0) CPU times
		Usr 0 00:00:00, Sys 0 00:00:00  -  Run Remote Usage
		Usr 0 00:00:00, Sys 0 00:00:00  -  Run Local Usage
	0  -  Run Bytes Sent By Job
	16566669  -  Run Bytes Received By Job
	Partitionable Resources :    Usage  Request Allocated Assigned
	   Cpus                 :        0        1         1 
	   Disk (KB)            :    20116  5242880  10571670 
	   Gpus (Average)       :                 1         1 "GPU-dbf7d9bb"
	   IoHeavy              :                           0 
	   Memory (MB)          :     4151     4096      4096 
...
040 (8893095.000.000) 2021-03-13 09:26:20 Started transferring input files
	Transferring to host: <128.105.244.149:9618?addrs=128.105.244.149-9618&alias=gpulab2003.chtc.wisc.edu&noUDP&sock=slot1_3_16665_bfff_210581>
...
040 (8893095.000.000) 2021-03-13 09:26:20 Finished transferring input files
...
001 (8893095.000.000) 2021-03-13 09:26:21 Job executing on host: <128.105.244.149:9618?addrs=128.105.244.149-9618&alias=gpulab2003.chtc.wisc.edu&noUDP&sock=startd_4258_365a>
...
004 (8893095.000.000) 2021-03-13 09:26:22 Job was evicted.
	(0) CPU times
		Usr 0 00:00:00, Sys 0 00:00:00  -  Run Remote Usage
		Usr 0 00:00:00, Sys 0 00:00:00  -  Run Local Usage
	0  -  Run Bytes Sent By Job
	16566669  -  Run Bytes Received By Job
	Partitionable Resources :    Usage  Request Allocated Assigned
	   Cpus                 :     0.08        1         1 
	   Disk (KB)            : 97684     5242880  10571670 
	   Gpus (Average)       :                 1         1 "GPU-dbf7d9bb"
	   IoHeavy              :                           0 
	   Memory (MB)          :  4151        4096      4096 
...
040 (8893095.000.000) 2021-03-13 09:26:30 Started transferring input files
	Transferring to host: <128.105.244.149:9618?addrs=128.105.244.149-9618&alias=gpulab2003.chtc.wisc.edu&noUDP&sock=slot1_3_16665_bfff_210582>
...
040 (8893095.000.000) 2021-03-13 09:26:30 Finished transferring input files
...
001 (8893095.000.000) 2021-03-13 09:26:31 Job executing on host: <128.105.244.149:9618?addrs=128.105.244.149-9618&alias=gpulab2003.chtc.wisc.edu&noUDP&sock=startd_4258_365a>
...
004 (8893095.000.000) 2021-03-13 09:26:31 Job was evicted.
	(0) CPU times
		Usr 0 00:00:00, Sys 0 00:00:00  -  Run Remote Usage
		Usr 0 00:00:00, Sys 0 00:00:00  -  Run Local Usage
	0  -  Run Bytes Sent By Job
	16566669  -  Run Bytes Received By Job
	Partitionable Resources :    Usage  Request Allocated Assigned
	   Cpus                 :        0        1         1 
	   Disk (KB)            :    16212  5242880  10571670 
	   Gpus (Average)       :                 1         1 "GPU-dbf7d9bb"
	   IoHeavy              :                           0 
	   Memory (MB)          :     4151     4096      4096 
...
040 (8893095.000.000) 2021-03-13 09:26:37 Started transferring input files
	Transferring to host: <128.105.244.149:9618?addrs=128.105.244.149-9618&alias=gpulab2003.chtc.wisc.edu&noUDP&sock=slot1_3_16665_bfff_210583>
...
040 (8893095.000.000) 2021-03-13 09:26:38 Finished transferring input files
...
001 (8893095.000.000) 2021-03-13 09:26:39 Job executing on host: <128.105.244.149:9618?addrs=128.105.244.149-9618&alias=gpulab2003.chtc.wisc.edu&noUDP&sock=startd_4258_365a>
...
004 (8893095.000.000) 2021-03-13 09:26:40 Job was evicted.
	(0) CPU times
		Usr 0 00:00:00, Sys 0 00:00:00  -  Run Remote Usage
		Usr 0 00:00:00, Sys 0 00:00:00  -  Run Local Usage
	0  -  Run Bytes Sent By Job
	16566669  -  Run Bytes Received By Job
	Partitionable Resources :     Usage  Request Allocated Assigned
	   Cpus                 :      0.08        1         1 
	   Disk (KB)            : 118893     5242880  10571670 
	   Gpus (Average)       :                  1         1 "GPU-dbf7d9bb"
	   IoHeavy              :                            0 
	   Memory (MB)          :   4151        4096      4096 
...
040 (8893095.000.000) 2021-03-13 09:26:45 Started transferring input files
	Transferring to host: <128.105.244.149:9618?addrs=128.105.244.149-9618&alias=gpulab2003.chtc.wisc.edu&noUDP&sock=slot1_3_16665_bfff_210584>
...
040 (8893095.000.000) 2021-03-13 09:26:46 Finished transferring input files
...
001 (8893095.000.000) 2021-03-13 09:26:47 Job executing on host: <128.105.244.149:9618?addrs=128.105.244.149-9618&alias=gpulab2003.chtc.wisc.edu&noUDP&sock=startd_4258_365a>
...
004 (8893095.000.000) 2021-03-13 09:26:47 Job was evicted.
	(0) CPU times
		Usr 0 00:00:00, Sys 0 00:00:00  -  Run Remote Usage
		Usr 0 00:00:00, Sys 0 00:00:00  -  Run Local Usage
	0  -  Run Bytes Sent By Job
	16566669  -  Run Bytes Received By Job
	Partitionable Resources :    Usage  Request Allocated Assigned
	   Cpus                 :        0        1         1 
	   Disk (KB)            :    16212  5242880  10571670 
	   Gpus (Average)       :                 1         1 "GPU-dbf7d9bb"
	   IoHeavy              :                           0 
	   Memory (MB)          :     4151     4096      4096 
...
040 (8893095.000.000) 2021-03-13 09:26:54 Started transferring input files
	Transferring to host: <128.105.244.149:9618?addrs=128.105.244.149-9618&alias=gpulab2003.chtc.wisc.edu&noUDP&sock=slot1_3_16665_bfff_210585>
...
040 (8893095.000.000) 2021-03-13 09:26:54 Finished transferring input files
...
001 (8893095.000.000) 2021-03-13 09:26:55 Job executing on host: <128.105.244.149:9618?addrs=128.105.244.149-9618&alias=gpulab2003.chtc.wisc.edu&noUDP&sock=startd_4258_365a>
...
004 (8893095.000.000) 2021-03-13 09:26:55 Job was evicted.
	(0) CPU times
		Usr 0 00:00:00, Sys 0 00:00:00  -  Run Remote Usage
		Usr 0 00:00:00, Sys 0 00:00:00  -  Run Local Usage
	0  -  Run Bytes Sent By Job
	16566669  -  Run Bytes Received By Job
	Partitionable Resources :    Usage  Request Allocated Assigned
	   Cpus                 :     0.10        1         1 
	   Disk (KB)            : 16212     5242880  10571670 
	   Gpus (Average)       :                 1         1 "GPU-dbf7d9bb"
	   IoHeavy              :                           0 
	   Memory (MB)          :  4151        4096      4096 
...
040 (8893095.000.000) 2021-03-13 09:27:02 Started transferring input files
	Transferring to host: <128.105.244.149:9618?addrs=128.105.244.149-9618&alias=gpulab2003.chtc.wisc.edu&noUDP&sock=slot1_3_16665_bfff_210586>
...
040 (8893095.000.000) 2021-03-13 09:27:02 Finished transferring input files
...
001 (8893095.000.000) 2021-03-13 09:27:03 Job executing on host: <128.105.244.149:9618?addrs=128.105.244.149-9618&alias=gpulab2003.chtc.wisc.edu&noUDP&sock=startd_4258_365a>
...
004 (8893095.000.000) 2021-03-13 09:27:03 Job was evicted.
	(0) CPU times
		Usr 0 00:00:00, Sys 0 00:00:00  -  Run Remote Usage
		Usr 0 00:00:00, Sys 0 00:00:00  -  Run Local Usage
	0  -  Run Bytes Sent By Job
	16566669  -  Run Bytes Received By Job
	Partitionable Resources :    Usage  Request Allocated Assigned
	   Cpus                 :        0        1         1 
	   Disk (KB)            :    16212  5242880  10571670 
	   Gpus (Average)       :                 1         1 "GPU-dbf7d9bb"
	   IoHeavy              :                           0 
	   Memory (MB)          :     4151     4096      4096 
...
040 (8893095.000.000) 2021-03-13 09:27:09 Started transferring input files
	Transferring to host: <128.105.244.149:9618?addrs=128.105.244.149-9618&alias=gpulab2003.chtc.wisc.edu&noUDP&sock=slot1_3_16665_bfff_210588>
...
040 (8893095.000.000) 2021-03-13 09:27:10 Finished transferring input files
...
001 (8893095.000.000) 2021-03-13 09:27:11 Job executing on host: <128.105.244.149:9618?addrs=128.105.244.149-9618&alias=gpulab2003.chtc.wisc.edu&noUDP&sock=startd_4258_365a>
...
004 (8893095.000.000) 2021-03-13 09:27:11 Job was evicted.
	(0) CPU times
		Usr 0 00:00:00, Sys 0 00:00:00  -  Run Remote Usage
		Usr 0 00:00:00, Sys 0 00:00:00  -  Run Local Usage
	0  -  Run Bytes Sent By Job
	16566669  -  Run Bytes Received By Job
	Partitionable Resources :    Usage  Request Allocated Assigned
	   Cpus                 :     0.09        1         1 
	   Disk (KB)            : 16212     5242880  10571670 
	   Gpus (Average)       :                 1         1 "GPU-dbf7d9bb"
	   IoHeavy              :                           0 
	   Memory (MB)          :  4151        4096      4096 
...
040 (8893095.000.000) 2021-03-13 09:27:18 Started transferring input files
	Transferring to host: <128.105.244.149:9618?addrs=128.105.244.149-9618&alias=gpulab2003.chtc.wisc.edu&noUDP&sock=slot1_3_16665_bfff_210589>
...
040 (8893095.000.000) 2021-03-13 09:27:19 Finished transferring input files
...
001 (8893095.000.000) 2021-03-13 09:27:20 Job executing on host: <128.105.244.149:9618?addrs=128.105.244.149-9618&alias=gpulab2003.chtc.wisc.edu&noUDP&sock=startd_4258_365a>
...
004 (8893095.000.000) 2021-03-13 09:27:20 Job was evicted.
	(0) CPU times
		Usr 0 00:00:00, Sys 0 00:00:00  -  Run Remote Usage
		Usr 0 00:00:00, Sys 0 00:00:00  -  Run Local Usage
	0  -  Run Bytes Sent By Job
	16566669  -  Run Bytes Received By Job
	Partitionable Resources :    Usage  Request Allocated Assigned
	   Cpus                 :        0        1         1 
	   Disk (KB)            :    16212  5242880  10571670 
	   Gpus (Average)       :                 1         1 "GPU-dbf7d9bb"
	   IoHeavy              :                           0 
	   Memory (MB)          :     4151     4096      4096 
...
040 (8893095.000.000) 2021-03-13 09:27:26 Started transferring input files
	Transferring to host: <128.105.244.149:9618?addrs=128.105.244.149-9618&alias=gpulab2003.chtc.wisc.edu&noUDP&sock=slot1_3_16665_bfff_210590>
...
040 (8893095.000.000) 2021-03-13 09:27:26 Finished transferring input files
...
001 (8893095.000.000) 2021-03-13 09:27:27 Job executing on host: <128.105.244.149:9618?addrs=128.105.244.149-9618&alias=gpulab2003.chtc.wisc.edu&noUDP&sock=startd_4258_365a>
...
004 (8893095.000.000) 2021-03-13 09:27:27 Job was evicted.
	(0) CPU times
		Usr 0 00:00:00, Sys 0 00:00:00  -  Run Remote Usage
		Usr 0 00:00:00, Sys 0 00:00:00  -  Run Local Usage
	0  -  Run Bytes Sent By Job
	16566669  -  Run Bytes Received By Job
	Partitionable Resources :    Usage  Request Allocated Assigned
	   Cpus                 :        0        1         1 
	   Disk (KB)            :    16212  5242880  10571670 
	   Gpus (Average)       :                 1         1 "GPU-dbf7d9bb"
	   IoHeavy              :                           0 
	   Memory (MB)          :     4151     4096      4096 
...
040 (8893095.000.000) 2021-03-13 09:27:34 Started transferring input files
	Transferring to host: <128.105.244.149:9618?addrs=128.105.244.149-9618&alias=gpulab2003.chtc.wisc.edu&noUDP&sock=slot1_3_16665_bfff_210591>
...
040 (8893095.000.000) 2021-03-13 09:27:34 Finished transferring input files
...
001 (8893095.000.000) 2021-03-13 09:27:35 Job executing on host: <128.105.244.149:9618?addrs=128.105.244.149-9618&alias=gpulab2003.chtc.wisc.edu&noUDP&sock=startd_4258_365a>
...
004 (8893095.000.000) 2021-03-13 09:27:36 Job was evicted.
	(0) CPU times
		Usr 0 00:00:00, Sys 0 00:00:00  -  Run Remote Usage
		Usr 0 00:00:00, Sys 0 00:00:00  -  Run Local Usage
	0  -  Run Bytes Sent By Job
	16566669  -  Run Bytes Received By Job
	Partitionable Resources :     Usage  Request Allocated Assigned
	   Cpus                 :      0.07        1         1 
	   Disk (KB)            : 115540     5242880  10571670 
	   Gpus (Average)       :                  1         1 "GPU-dbf7d9bb"
	   IoHeavy              :                            0 
	   Memory (MB)          :   4151        4096      4096 
...
040 (8893095.000.000) 2021-03-13 09:27:42 Started transferring input files
	Transferring to host: <128.105.244.149:9618?addrs=128.105.244.149-9618&alias=gpulab2003.chtc.wisc.edu&noUDP&sock=slot1_3_16665_bfff_210593>
...
040 (8893095.000.000) 2021-03-13 09:27:42 Finished transferring input files
...
001 (8893095.000.000) 2021-03-13 09:27:43 Job executing on host: <128.105.244.149:9618?addrs=128.105.244.149-9618&alias=gpulab2003.chtc.wisc.edu&noUDP&sock=startd_4258_365a>
...
004 (8893095.000.000) 2021-03-13 09:27:45 Job was evicted.
	(0) CPU times
		Usr 0 00:00:01, Sys 0 00:00:00  -  Run Remote Usage
		Usr 0 00:00:00, Sys 0 00:00:00  -  Run Local Usage
	0  -  Run Bytes Sent By Job
	16566669  -  Run Bytes Received By Job
	Partitionable Resources :     Usage  Request Allocated Assigned
	   Cpus                 :      0.07        1         1 
	   Disk (KB)            : 159751     5242880  10571670 
	   Gpus (Average)       :                  1         1 "GPU-dbf7d9bb"
	   IoHeavy              :                            0 
	   Memory (MB)          :   4151        4096      4096 
...
040 (8893095.000.000) 2021-03-13 09:27:50 Started transferring input files
	Transferring to host: <128.104.102.54:9618?addrs=128.104.102.54-9618+[2607-f388-107c-501-ec4-7aff-fe85-79f8]-9618&alias=gzk-4.chtc.wisc.edu&noUDP&sock=starter_28720_9689_19>
...
040 (8893095.000.000) 2021-03-13 09:27:50 Finished transferring input files
...
001 (8893095.000.000) 2021-03-13 09:27:51 Job executing on host: <128.104.102.54:9618?addrs=128.104.102.54-9618+[2607-f388-107c-501-ec4-7aff-fe85-79f8]-9618&alias=gzk-4.chtc.wisc.edu&noUDP&sock=startd_2282_d735_67>
...
040 (8893095.000.000) 2021-03-13 22:23:13 Started transferring output files
...
040 (8893095.000.000) 2021-03-13 22:23:14 Finished transferring output files
...
005 (8893095.000.000) 2021-03-13 22:23:15 Job terminated.
	(1) Normal termination (return value 0)
		Usr 0 12:38:16, Sys 0 00:16:27  -  Run Remote Usage
		Usr 0 00:00:00, Sys 0 00:00:00  -  Run Local Usage
		Usr 1 00:06:07, Sys 0 00:31:36  -  Total Remote Usage
		Usr 0 00:00:00, Sys 0 00:00:00  -  Total Local Usage
	124462832  -  Run Bytes Sent By Job
	16566669  -  Run Bytes Received By Job
	124462832  -  Total Bytes Sent By Job
	463866624  -  Total Bytes Received By Job
	Partitionable Resources :       Usage  Request Allocated Assigned
	   Cpus                 :        1.00        1         1 
	   Disk (KB)            : 14663976     5242880   6767308 
	   Gpus (Average)       :        0.30        1         1 "CUDA2"
	   GpusMemory (MB)      :      610                       
	   Memory (MB)          :     4151        4096      4096 

	Job terminated of its own accord at 2021-03-14T04:23:12Z.
...
