000 (8893094.000.000) 2021-03-12 21:28:03 Job submitted from host: <128.104.101.92:9618?addrs=128.104.101.92-9618+[2607-f388-107c-501-a236-9fff-fe3c-caa8]-9618&alias=submit2.chtc.wisc.edu&noUDP&sock=schedd_77175_3596>
...
040 (8893094.000.000) 2021-03-12 21:28:11 Started transferring input files
	Transferring to host: <128.105.244.146:9618?addrs=128.105.244.146-9618&alias=gpulab2002.chtc.wisc.edu&noUDP&sock=slot1_7_14017_fe93_235929>
...
040 (8893094.000.000) 2021-03-12 21:28:11 Finished transferring input files
...
001 (8893094.000.000) 2021-03-12 21:28:12 Job executing on host: <128.105.244.146:9618?addrs=128.105.244.146-9618&alias=gpulab2002.chtc.wisc.edu&noUDP&sock=startd_4245_4b9e>
...
006 (8893094.000.000) 2021-03-12 21:28:21 Image size of job updated: 676380
	661  -  MemoryUsage of job (MB)
	676380  -  ResidentSetSize of job (KB)
...
006 (8893094.000.000) 2021-03-12 21:33:22 Image size of job updated: 4128380
	4032  -  MemoryUsage of job (MB)
	4128380  -  ResidentSetSize of job (KB)
...
006 (8893094.000.000) 2021-03-12 22:28:27 Image size of job updated: 4148308
	4052  -  MemoryUsage of job (MB)
	4148308  -  ResidentSetSize of job (KB)
...
006 (8893094.000.000) 2021-03-12 23:23:31 Image size of job updated: 4149236
	4052  -  MemoryUsage of job (MB)
	4149236  -  ResidentSetSize of job (KB)
...
006 (8893094.000.000) 2021-03-13 08:54:25 Image size of job updated: 4150052
	4053  -  MemoryUsage of job (MB)
	4150052  -  ResidentSetSize of job (KB)
...
004 (8893094.000.000) 2021-03-13 09:18:12 Job was evicted.
	(0) CPU times
		Usr 0 11:42:00, Sys 0 00:01:13  -  Run Remote Usage
		Usr 0 00:00:00, Sys 0 00:00:00  -  Run Local Usage
	0  -  Run Bytes Sent By Job
	16566669  -  Run Bytes Received By Job
	Partitionable Resources :       Usage  Request Allocated Assigned
	   Cpus                 :        0.99        1         1 
	   Disk (KB)            : 14663991     5242880  10572281 
	   Gpus (Average)       :                    1         1 "GPU-b48acfe4"
	   IoHeavy              :                              0 
	   Memory (MB)          :     4053        4096      4096 
...
022 (8893094.000.000) 2021-03-13 09:22:58 Job disconnected, attempting to reconnect
    Socket between submit and execute hosts closed unexpectedly
    Trying to reconnect to slot1_3@gpulab2003.chtc.wisc.edu <128.105.244.149:9618?addrs=128.105.244.149-9618&alias=gpulab2003.chtc.wisc.edu&noUDP&sock=startd_4258_365a>
...
024 (8893094.000.000) 2021-03-13 09:22:58 Job reconnection failed
    Job not found at execution machine
    Can not reconnect to slot1_3@gpulab2003.chtc.wisc.edu, rescheduling job
...
040 (8893094.000.000) 2021-03-13 09:23:06 Started transferring input files
	Transferring to host: <128.105.244.149:9618?addrs=128.105.244.149-9618&alias=gpulab2003.chtc.wisc.edu&noUDP&sock=slot1_3_16665_bfff_210565>
...
022 (8893094.000.000) 2021-03-13 09:23:06 Job disconnected, attempting to reconnect
    Socket between submit and execute hosts closed unexpectedly
    Trying to reconnect to slot1_3@gpulab2003.chtc.wisc.edu <128.105.244.149:9618?addrs=128.105.244.149-9618&alias=gpulab2003.chtc.wisc.edu&noUDP&sock=startd_4258_365a>
...
024 (8893094.000.000) 2021-03-13 09:23:06 Job reconnection failed
    Job not found at execution machine
    Can not reconnect to slot1_3@gpulab2003.chtc.wisc.edu, rescheduling job
...
040 (8893094.000.000) 2021-03-13 09:23:17 Started transferring input files
	Transferring to host: <128.105.244.149:9618?addrs=128.105.244.149-9618&alias=gpulab2003.chtc.wisc.edu&noUDP&sock=slot1_3_16665_bfff_210567>
...
040 (8893094.000.000) 2021-03-13 09:23:17 Finished transferring input files
...
001 (8893094.000.000) 2021-03-13 09:23:18 Job executing on host: <128.105.244.149:9618?addrs=128.105.244.149-9618&alias=gpulab2003.chtc.wisc.edu&noUDP&sock=startd_4258_365a>
...
004 (8893094.000.000) 2021-03-13 09:23:19 Job was evicted.
	(0) CPU times
		Usr 0 00:00:00, Sys 0 00:00:00  -  Run Remote Usage
		Usr 0 00:00:00, Sys 0 00:00:00  -  Run Local Usage
	0  -  Run Bytes Sent By Job
	16566669  -  Run Bytes Received By Job
	Partitionable Resources :    Usage  Request Allocated Assigned
	   Cpus                 :        0        1         1 
	   Disk (KB)            :    16212  5242880  10571670 
	   Gpus (Average)       :                 1         1 "GPU-dbf7d9bb"
	   IoHeavy              :                           0 
	   Memory (MB)          :     4151     4096      4096 
...
040 (8893094.000.000) 2021-03-13 09:23:24 Started transferring input files
	Transferring to host: <128.105.244.149:9618?addrs=128.105.244.149-9618&alias=gpulab2003.chtc.wisc.edu&noUDP&sock=slot1_3_16665_bfff_210568>
...
040 (8893094.000.000) 2021-03-13 09:23:25 Finished transferring input files
...
001 (8893094.000.000) 2021-03-13 09:23:26 Job executing on host: <128.105.244.149:9618?addrs=128.105.244.149-9618&alias=gpulab2003.chtc.wisc.edu&noUDP&sock=startd_4258_365a>
...
004 (8893094.000.000) 2021-03-13 09:23:27 Job was evicted.
	(0) CPU times
		Usr 0 00:00:00, Sys 0 00:00:00  -  Run Remote Usage
		Usr 0 00:00:00, Sys 0 00:00:00  -  Run Local Usage
	0  -  Run Bytes Sent By Job
	16566669  -  Run Bytes Received By Job
	Partitionable Resources :     Usage  Request Allocated Assigned
	   Cpus                 :      0.08        1         1 
	   Disk (KB)            : 117652     5242880  10571670 
	   Gpus (Average)       :                  1         1 "GPU-dbf7d9bb"
	   IoHeavy              :                            0 
	   Memory (MB)          :   4151        4096      4096 
...
040 (8893094.000.000) 2021-03-13 09:23:33 Started transferring input files
	Transferring to host: <128.105.244.149:9618?addrs=128.105.244.149-9618&alias=gpulab2003.chtc.wisc.edu&noUDP&sock=slot1_3_16665_bfff_210569>
...
022 (8893094.000.000) 2021-03-13 09:23:33 Job disconnected, attempting to reconnect
    Socket between submit and execute hosts closed unexpectedly
    Trying to reconnect to slot1_3@gpulab2003.chtc.wisc.edu <128.105.244.149:9618?addrs=128.105.244.149-9618&alias=gpulab2003.chtc.wisc.edu&noUDP&sock=startd_4258_365a>
...
024 (8893094.000.000) 2021-03-13 09:23:33 Job reconnection failed
    Job not found at execution machine
    Can not reconnect to slot1_3@gpulab2003.chtc.wisc.edu, rescheduling job
...
040 (8893094.000.000) 2021-03-13 09:23:41 Started transferring input files
	Transferring to host: <128.105.244.149:9618?addrs=128.105.244.149-9618&alias=gpulab2003.chtc.wisc.edu&noUDP&sock=slot1_3_16665_bfff_210570>
...
040 (8893094.000.000) 2021-03-13 09:23:42 Finished transferring input files
...
001 (8893094.000.000) 2021-03-13 09:23:43 Job executing on host: <128.105.244.149:9618?addrs=128.105.244.149-9618&alias=gpulab2003.chtc.wisc.edu&noUDP&sock=startd_4258_365a>
...
004 (8893094.000.000) 2021-03-13 09:23:43 Job was evicted.
	(0) CPU times
		Usr 0 00:00:00, Sys 0 00:00:00  -  Run Remote Usage
		Usr 0 00:00:00, Sys 0 00:00:00  -  Run Local Usage
	0  -  Run Bytes Sent By Job
	16566669  -  Run Bytes Received By Job
	Partitionable Resources :    Usage  Request Allocated Assigned
	   Cpus                 :        0        1         1 
	   Disk (KB)            :    16212  5242880  10571670 
	   Gpus (Average)       :                 1         1 "GPU-dbf7d9bb"
	   IoHeavy              :                           0 
	   Memory (MB)          :     4151     4096      4096 
...
040 (8893094.000.000) 2021-03-13 09:23:49 Started transferring input files
	Transferring to host: <128.104.102.54:9618?addrs=128.104.102.54-9618+[2607-f388-107c-501-ec4-7aff-fe85-79f8]-9618&alias=gzk-4.chtc.wisc.edu&noUDP&sock=starter_28720_9689_18>
...
040 (8893094.000.000) 2021-03-13 09:23:49 Finished transferring input files
...
001 (8893094.000.000) 2021-03-13 09:23:50 Job executing on host: <128.104.102.54:9618?addrs=128.104.102.54-9618+[2607-f388-107c-501-ec4-7aff-fe85-79f8]-9618&alias=gzk-4.chtc.wisc.edu&noUDP&sock=startd_2282_d735_67>
...
040 (8893094.000.000) 2021-03-13 22:21:55 Started transferring output files
...
040 (8893094.000.000) 2021-03-13 22:21:57 Finished transferring output files
...
005 (8893094.000.000) 2021-03-13 22:21:57 Job terminated.
	(1) Normal termination (return value 0)
		Usr 0 12:40:26, Sys 0 00:16:58  -  Run Remote Usage
		Usr 0 00:00:00, Sys 0 00:00:00  -  Run Local Usage
		Usr 1 00:22:26, Sys 0 00:18:11  -  Total Remote Usage
		Usr 0 00:00:00, Sys 0 00:00:00  -  Total Local Usage
	124463528  -  Run Bytes Sent By Job
	16566669  -  Run Bytes Received By Job
	124463528  -  Total Bytes Sent By Job
	82833344  -  Total Bytes Received By Job
	Partitionable Resources :       Usage  Request Allocated Assigned
	   Cpus                 :        1.00        1         1 
	   Disk (KB)            : 14663979     5242880   6767308 
	   Gpus (Average)       :        0.30        1         1 "CUDA0"
	   GpusMemory (MB)      :      610                       
	   Memory (MB)          :     4151        4096      4096 

	Job terminated of its own accord at 2021-03-14T04:21:55Z.
...
